<?xml version="1.0" encoding="UTF-8"?>
<!-- Generated by org.testng.reporters.JUnitReportReporter -->
<testsuite skipped="0" hostname="DESKTOP-KDQOQ35" name="automation.testsuite.Day18_Run_Multi_Browser" tests="3" failures="0" timestamp="2024-03-17T20:55:38 ICT" time="73.752" errors="0">
  <testcase name="addClientSuccess" time="28.702" classname="automation.testsuite.Day18_Run_Multi_Browser"/>
  <system-out/>
  <testcase name="addClientSuccess" time="21.590" classname="automation.testsuite.Day18_Run_Multi_Browser"/>
  <system-out/>
  <testcase name="addClientSuccess" time="23.460" classname="automation.testsuite.Day18_Run_Multi_Browser"/>
  <system-out/>
</testsuite> <!-- automation.testsuite.Day18_Run_Multi_Browser -->
